<?xml version="1.0" encoding="UTF-8"?>
<Site BuildName="(empty)"
	BuildStamp="20240815-0732-Experimental"
	Name="xiangtao-desktop"
	Generator="ctest-3.22.1"
	CompilerName="/usr/bin/c++"
	CompilerVersion="11.4.0"
	OSName="Linux"
	Hostname="xiangtao-desktop"
	OSRelease="6.5.0-45-generic"
	OSVersion="#45~22.04.1-Ubuntu SMP PREEMPT_DYNAMIC Mon Jul 15 16:40:02 UTC 2"
	OSPlatform="x86_64"
	Is64Bits="1"
	VendorString="GenuineIntel"
	VendorID="Intel Corporation"
	FamilyID="6"
	ModelID="165"
	ProcessorCacheSize="16384"
	NumberOfLogicalCPU="16"
	NumberOfPhysicalCPU="8"
	TotalVirtualMemory="2047"
	TotalPhysicalMemory="15907"
	LogicalProcessorsPerPhysical="2"
	ProcessorClockFrequency="4599.87"
	>
	<Testing>
		<StartDateTime>Aug 15 15:32 HKT</StartDateTime>
		<StartTestTime>1723707172</StartTestTime>
		<TestList/>
		<EndDateTime>Aug 15 15:32 HKT</EndDateTime>
		<EndTestTime>1723707172</EndTestTime>
		<ElapsedMinutes>0</ElapsedMinutes>
	</Testing>
</Site>
